attempt[1][IDR403.T.202003010842.png]..
--2020-03-01 19:48:02--  http://www.bom.gov.au/radar/IDR403.T.202003010842.png
Resolving www.bom.gov.au... 23.40.73.19
Connecting to www.bom.gov.au|23.40.73.19|:80... connected.
HTTP request sent, awaiting response... 200 OK
Length: 2447 (2.4K) [image/png]
Saving to: “IDR403.T.202003010842.png”

     0K ..                                                    100% 3.29M=0.001s

2020-03-01 19:48:02 (3.29 MB/s) - “IDR403.T.202003010842.png” saved [2447/2447]

--2020-03-01 19:48:02--  http://www.shopsmart.au.nu/cgi-bin/dash/radar/radar2.cgi?X0=-35.663&Y0=149.511&A0=255&B0=255&X1=-35.3042&Y1=149.1903&A1=197&B1=176&X2=-35.157555&Y2=149.346770
Resolving www.shopsmart.au.nu... 172.16.10.193
Connecting to www.shopsmart.au.nu|172.16.10.193|:80... connected.
HTTP request sent, awaiting response... 200 OK
Length: unspecified [image/gif]
Saving to: “IDR403.zoom.202003010842.png”

     0K .......... .......... .......... .......... .......... 2.44M
    50K .......... .......... .......... .......... ..........  859K
   100K .......... .......... .......... .......... .......... 1.57M
   150K .......... .......... .......... .......... ..........  877K
   200K .......... .......... .......... .......... ...        3.20M=0.2s

2020-03-01 19:48:04 (1.32 MB/s) - “IDR403.zoom.202003010842.png” saved [248974]

20/03/01/IDR403.T.202003010842.png
